#
# There is insufficient memory for the Java Runtime Environment to continue.
# Native memory allocation (malloc) failed to allocate 1317136 bytes. Error detail: Chunk::new
# Possible reasons:
#   The system is out of physical RAM or swap space
#   This process is running with CompressedOops enabled, and the Java Heap may be blocking the growth of the native heap
# Possible solutions:
#   Reduce memory load on the system
#   Increase physical memory or swap space
#   Check if swap backing store is full
#   Decrease Java heap size (-Xmx/-Xms)
#   Decrease number of Java threads
#   Decrease Java thread stack sizes (-Xss)
#   Set larger code cache with -XX:ReservedCodeCacheSize=
#   JVM is running with Unscaled Compressed Oops mode in which the Java heap is
#     placed in the first 4GB address space. The Java Heap base address is the
#     maximum limit for the native heap growth. Please use -XX:HeapBaseMinAddress
#     to set the Java Heap base and to place the Java Heap above 4GB virtual address.
# This output file may be truncated or incomplete.
#
#  Out of Memory Error (arena.cpp:168), pid=15680, tid=6356
#
# JRE version: OpenJDK Runtime Environment Temurin-21.0.10+7 (21.0.10+7) (build 21.0.10+7-LTS)
# Java VM: OpenJDK 64-Bit Server VM Temurin-21.0.10+7 (21.0.10+7-LTS, mixed mode, sharing, tiered, compressed oops, compressed class ptrs, parallel gc, windows-amd64)
# No core dump will be written. Minidumps are not enabled by default on client versions of Windows
#

---------------  S U M M A R Y ------------

Command Line: --add-modules=ALL-SYSTEM --add-opens=java.base/java.util=ALL-UNNAMED --add-opens=java.base/java.lang=ALL-UNNAMED --add-opens=java.base/sun.nio.fs=ALL-UNNAMED -Declipse.application=org.eclipse.jdt.ls.core.id1 -Dosgi.bundles.defaultStartLevel=4 -Declipse.product=org.eclipse.jdt.ls.core.product -Djava.import.generatesMetadataFilesAtProjectRoot=false -DDetectVMInstallationsJob.disabled=true -Dfile.encoding=utf8 -XX:+UseParallelGC -XX:GCTimeRatio=4 -XX:AdaptiveSizePolicyWeight=90 -Dsun.zip.disableMemoryMapping=true -Xmx2G -Xms100m -Xlog:disable -javaagent:c:\Users\hp\.vscode\extensions\redhat.java-1.53.0-win32-x64\lombok\lombok-1.18.39-4050.jar -XX:+HeapDumpOnOutOfMemoryError -XX:HeapDumpPath=c:\Users\hp\AppData\Roaming\Code\User\workspaceStorage\5143aa56e383250e590f704b95a822f4\redhat.java -Daether.dependencyCollector.impl=bf c:\Users\hp\.vscode\extensions\redhat.java-1.53.0-win32-x64\server\plugins\org.eclipse.equinox.launcher_1.7.100.v20251111-0406.jar -configuration c:\Users\hp\AppData\Roaming\Code\User\globalStorage\redhat.java\1.53.0\config_win -data c:\Users\hp\AppData\Roaming\Code\User\workspaceStorage\5143aa56e383250e590f704b95a822f4\redhat.java\jdt_ws --pipe=\\.\pipe\lsp-c51937f9b58703fcdfbac412b17c8b92-sock

Host: Intel(R) Core(TM) i7-8665U CPU @ 1.90GHz, 8 cores, 15G,  Windows 11 , 64 bit Build 26100 (10.0.26100.8115)
Time: Wed Apr  8 20:18:40 2026 E. Africa Standard Time elapsed time: 3955.936152 seconds (0d 1h 5m 55s)

---------------  T H R E A D  ---------------

Current thread (0x0000013d93056510):  JavaThread "C2 CompilerThread1" daemon [_thread_in_native, id=6356, stack(0x000000091e800000,0x000000091e900000) (1024K)]


Current CompileTask:
C2:3955936 21202       4       sun.security.ec.ECOperations::setDouble (463 bytes)

Stack: [0x000000091e800000,0x000000091e900000]
Native frames: (J=compiled Java code, j=interpreted, Vv=VM code, C=native code)
V  [jvm.dll+0x6d7a39]
V  [jvm.dll+0x8b4b26]
V  [jvm.dll+0x8b70de]
V  [jvm.dll+0x8b77c3]
V  [jvm.dll+0x284346]
V  [jvm.dll+0xc66ed]
V  [jvm.dll+0xc6c31]
V  [jvm.dll+0x2fb29e]
V  [jvm.dll+0x5fe884]
V  [jvm.dll+0x255b17]
V  [jvm.dll+0x255edd]
V  [jvm.dll+0x24e500]
V  [jvm.dll+0x24ba42]
V  [jvm.dll+0x1cb34e]
V  [jvm.dll+0x25b85d]
V  [jvm.dll+0x259dea]
V  [jvm.dll+0x3f857e]
V  [jvm.dll+0x85f59d]
V  [jvm.dll+0x6d626d]
C  [ucrtbase.dll+0x37b0]
C  [KERNEL32.DLL+0x2e8d7]
C  [ntdll.dll+0x8c3fc]


---------------  P R O C E S S  ---------------

Threads class SMR info:
_java_thread_list=0x0000013d93eeedd0, length=60, elements={
0x0000013d32451fd0, 0x0000013d48ebd130, 0x0000013d48ec35e0, 0x0000013d48ec45f0,
0x0000013d48ec5250, 0x0000013d48ec9f20, 0x0000013d48eca980, 0x0000013d48ecd720,
0x0000013d8b8bc3d0, 0x0000013d8ba5fdb0, 0x0000013d8bacaef0, 0x0000013d90608460,
0x0000013d48efcd80, 0x0000013d8b8ca7f0, 0x0000013d90171b60, 0x0000013d90af8730,
0x0000013d90dea6f0, 0x0000013d8ba32160, 0x0000013d8bc24760, 0x0000013d9136d590,
0x0000013d9136bb50, 0x0000013d9136c1e0, 0x0000013d9136ae30, 0x0000013d9136c870,
0x0000013d9136cf00, 0x0000013d932a2650, 0x0000013d932a3370, 0x0000013d932a4720,
0x0000013d932a4db0, 0x0000013d932a3a00, 0x0000013d932a1930, 0x0000013d932a1fc0,
0x0000013d930fb3b0, 0x0000013d930fe1a0, 0x0000013d930fe830, 0x0000013d930feec0,
0x0000013d930ff550, 0x0000013d930ffbe0, 0x0000013d930fcdf0, 0x0000013d922b1be0,
0x0000013d922b1550, 0x0000013d922b0830, 0x0000013d922b3620, 0x0000013d922b01a0,
0x0000013d922b3cb0, 0x0000013d922b2f90, 0x0000013d930f85c0, 0x0000013d930fc760,
0x0000013d930f9970, 0x0000013d922b6410, 0x0000013d932a8f50, 0x0000013d932a7ba0,
0x0000013d922afb10, 0x0000013d922b4340, 0x0000013d922b49d0, 0x0000013d922b5060,
0x0000013d922b56f0, 0x0000013d922b2270, 0x0000013d922b5d80, 0x0000013d93056510
}

Java Threads: ( => current thread )
  0x0000013d32451fd0 JavaThread "main"                              [_thread_blocked, id=1752, stack(0x000000091c400000,0x000000091c500000) (1024K)]
  0x0000013d48ebd130 JavaThread "Reference Handler"          daemon [_thread_blocked, id=20020, stack(0x000000091c800000,0x000000091c900000) (1024K)]
  0x0000013d48ec35e0 JavaThread "Finalizer"                  daemon [_thread_blocked, id=9608, stack(0x000000091c900000,0x000000091ca00000) (1024K)]
  0x0000013d48ec45f0 JavaThread "Signal Dispatcher"          daemon [_thread_blocked, id=13168, stack(0x000000091ca00000,0x000000091cb00000) (1024K)]
  0x0000013d48ec5250 JavaThread "Attach Listener"            daemon [_thread_blocked, id=9844, stack(0x000000091cb00000,0x000000091cc00000) (1024K)]
  0x0000013d48ec9f20 JavaThread "Service Thread"             daemon [_thread_blocked, id=13528, stack(0x000000091cc00000,0x000000091cd00000) (1024K)]
  0x0000013d48eca980 JavaThread "Monitor Deflation Thread"   daemon [_thread_blocked, id=10256, stack(0x000000091cd00000,0x000000091ce00000) (1024K)]
  0x0000013d48ecd720 JavaThread "C2 CompilerThread0"         daemon [_thread_blocked, id=20780, stack(0x000000091ce00000,0x000000091cf00000) (1024K)]
  0x0000013d8b8bc3d0 JavaThread "C1 CompilerThread0"         daemon [_thread_blocked, id=16492, stack(0x000000091cf00000,0x000000091d000000) (1024K)]
  0x0000013d8ba5fdb0 JavaThread "Common-Cleaner"             daemon [_thread_blocked, id=21412, stack(0x000000091d000000,0x000000091d100000) (1024K)]
  0x0000013d8bacaef0 JavaThread "Notification Thread"        daemon [_thread_blocked, id=12500, stack(0x000000091d100000,0x000000091d200000) (1024K)]
  0x0000013d90608460 JavaThread "Active Thread: Equinox Container: dee6b672-6892-4560-a086-2379c473c8ca"        [_thread_blocked, id=16536, stack(0x000000091d200000,0x000000091d300000) (1024K)]
  0x0000013d48efcd80 JavaThread "Refresh Thread: Equinox Container: dee6b672-6892-4560-a086-2379c473c8ca" daemon [_thread_blocked, id=14436, stack(0x000000091db00000,0x000000091dc00000) (1024K)]
  0x0000013d8b8ca7f0 JavaThread "Framework Event Dispatcher: Equinox Container: dee6b672-6892-4560-a086-2379c473c8ca" daemon [_thread_blocked, id=11368, stack(0x000000091dc00000,0x000000091dd00000) (1024K)]
  0x0000013d90171b60 JavaThread "Start Level: Equinox Container: dee6b672-6892-4560-a086-2379c473c8ca" daemon [_thread_blocked, id=14044, stack(0x000000091dd00000,0x000000091de00000) (1024K)]
  0x0000013d90af8730 JavaThread "Bundle File Closer"         daemon [_thread_blocked, id=2716, stack(0x000000091de00000,0x000000091df00000) (1024K)]
  0x0000013d90dea6f0 JavaThread "SCR Component Actor"        daemon [_thread_blocked, id=9600, stack(0x000000091da00000,0x000000091db00000) (1024K)]
  0x0000013d8ba32160 JavaThread "Worker-JM"                         [_thread_blocked, id=7024, stack(0x000000091e100000,0x000000091e200000) (1024K)]
  0x0000013d8bc24760 JavaThread "JNA Cleaner"                daemon [_thread_blocked, id=4592, stack(0x000000091e200000,0x000000091e300000) (1024K)]
  0x0000013d9136d590 JavaThread "Java indexing"              daemon [_thread_blocked, id=5156, stack(0x000000091e500000,0x000000091e600000) (1024K)]
  0x0000013d9136bb50 JavaThread "Thread-1"                   daemon [_thread_in_native, id=13124, stack(0x000000091eb00000,0x000000091ec00000) (1024K)]
  0x0000013d9136c1e0 JavaThread "Thread-2"                   daemon [_thread_in_native, id=18160, stack(0x000000091ec00000,0x000000091ed00000) (1024K)]
  0x0000013d9136ae30 JavaThread "Thread-3"                   daemon [_thread_in_native, id=19280, stack(0x000000091ed00000,0x000000091ee00000) (1024K)]
  0x0000013d9136c870 JavaThread "Thread-4"                   daemon [_thread_in_native, id=9280, stack(0x000000091ee00000,0x000000091ef00000) (1024K)]
  0x0000013d9136cf00 JavaThread "Thread-5"                   daemon [_thread_in_native, id=16772, stack(0x000000091ef00000,0x000000091f000000) (1024K)]
  0x0000013d932a2650 JavaThread "Thread-6"                   daemon [_thread_in_native, id=1060, stack(0x000000091f000000,0x000000091f100000) (1024K)]
  0x0000013d932a3370 JavaThread "Thread-7"                   daemon [_thread_in_native, id=5160, stack(0x000000091f100000,0x000000091f200000) (1024K)]
  0x0000013d932a4720 JavaThread "Thread-8"                   daemon [_thread_in_native, id=6696, stack(0x000000091f200000,0x000000091f300000) (1024K)]
  0x0000013d932a4db0 JavaThread "Thread-9"                   daemon [_thread_in_native, id=9992, stack(0x000000091f300000,0x000000091f400000) (1024K)]
  0x0000013d932a3a00 JavaThread "pool-2-thread-1"                   [_thread_blocked, id=18248, stack(0x000000091f400000,0x000000091f500000) (1024K)]
  0x0000013d932a1930 JavaThread "WorkspaceEventsHandler"            [_thread_blocked, id=20116, stack(0x000000091f500000,0x000000091f600000) (1024K)]
  0x0000013d932a1fc0 JavaThread "pool-1-thread-1"                   [_thread_blocked, id=6904, stack(0x000000091f600000,0x000000091f700000) (1024K)]
  0x0000013d930fb3b0 JavaThread "Cleaner-0"                  daemon [_thread_blocked, id=15168, stack(0x0000000920e00000,0x0000000920f00000) (1024K)]
  0x0000013d930fe1a0 JavaThread "Java Debug Server"          daemon [_thread_in_native, id=1136, stack(0x000000091df00000,0x000000091e000000) (1024K)]
  0x0000013d930fe830 JavaThread "pool-3-thread-1"                   [_thread_in_native, id=11696, stack(0x000000091fc00000,0x000000091fd00000) (1024K)]
  0x0000013d930feec0 JavaThread "RxSchedulerPurge-1"         daemon [_thread_blocked, id=3960, stack(0x000000091c200000,0x000000091c300000) (1024K)]
  0x0000013d930ff550 JavaThread "RxCachedWorkerPoolEvictor-1" daemon [_thread_blocked, id=2024, stack(0x0000000920000000,0x0000000920100000) (1024K)]
  0x0000013d930ffbe0 JavaThread "RxNewThreadScheduler-1"     daemon [_thread_blocked, id=17592, stack(0x0000000920d00000,0x0000000920e00000) (1024K)]
  0x0000013d930fcdf0 JavaThread "process reaper (pid 10864)" daemon [_thread_in_native, id=15688, stack(0x000000091bd90000,0x000000091bdb0000) (128K)]
  0x0000013d922b1be0 JavaThread "pool-3-thread-2"                   [_thread_in_native, id=19728, stack(0x000000091e000000,0x000000091e100000) (1024K)]
  0x0000013d922b1550 JavaThread "RxNewThreadScheduler-3"     daemon [_thread_blocked, id=13376, stack(0x000000091fa00000,0x000000091fb00000) (1024K)]
  0x0000013d922b0830 JavaThread "process reaper (pid 10416)" daemon [_thread_in_native, id=3052, stack(0x000000091bdb0000,0x000000091bdd0000) (128K)]
  0x0000013d922b3620 JavaThread "pool-3-thread-3"                   [_thread_in_native, id=19636, stack(0x000000091ff00000,0x0000000920000000) (1024K)]
  0x0000013d922b01a0 JavaThread "RxNewThreadScheduler-5"     daemon [_thread_blocked, id=14760, stack(0x0000000920100000,0x0000000920200000) (1024K)]
  0x0000013d922b3cb0 JavaThread "process reaper (pid 876)"   daemon [_thread_in_native, id=15104, stack(0x000000091bdd0000,0x000000091bdf0000) (128K)]
  0x0000013d922b2f90 JavaThread "Worker-15"                         [_thread_blocked, id=14556, stack(0x000000091ea00000,0x000000091eb00000) (1024K)]
  0x0000013d930f85c0 JavaThread "pool-3-thread-4"                   [_thread_in_native, id=11356, stack(0x0000000920300000,0x0000000920400000) (1024K)]
  0x0000013d930fc760 JavaThread "RxNewThreadScheduler-7"     daemon [_thread_blocked, id=16096, stack(0x0000000920400000,0x0000000920500000) (1024K)]
  0x0000013d930f9970 JavaThread "process reaper (pid 17836)" daemon [_thread_in_native, id=18180, stack(0x0000000920500000,0x0000000920520000) (128K)]
  0x0000013d922b6410 JavaThread "Worker-18"                         [_thread_blocked, id=16716, stack(0x000000091f800000,0x000000091f900000) (1024K)]
  0x0000013d932a8f50 JavaThread "ForkJoinPool.commonPool-worker-32" daemon [_thread_blocked, id=20672, stack(0x000000091c100000,0x000000091c200000) (1024K)]
  0x0000013d932a7ba0 JavaThread "ForkJoinPool.commonPool-worker-33" daemon [_thread_blocked, id=12008, stack(0x000000091c300000,0x000000091c400000) (1024K)]
  0x0000013d922afb10 JavaThread "ForkJoinPool.commonPool-worker-34" daemon [_thread_blocked, id=8572, stack(0x000000091e300000,0x000000091e400000) (1024K)]
  0x0000013d922b4340 JavaThread "ForkJoinPool.commonPool-worker-35" daemon [_thread_blocked, id=9288, stack(0x000000091e400000,0x000000091e500000) (1024K)]
  0x0000013d922b49d0 JavaThread "ForkJoinPool.commonPool-worker-36" daemon [_thread_blocked, id=8444, stack(0x000000091e700000,0x000000091e800000) (1024K)]
  0x0000013d922b5060 JavaThread "ForkJoinPool.commonPool-worker-37" daemon [_thread_blocked, id=11164, stack(0x000000091f700000,0x000000091f800000) (1024K)]
  0x0000013d922b56f0 JavaThread "ForkJoinPool.commonPool-worker-38" daemon [_thread_blocked, id=5048, stack(0x000000091f900000,0x000000091fa00000) (1024K)]
  0x0000013d922b2270 JavaThread "Worker-19"                         [_thread_blocked, id=8060, stack(0x000000091fd00000,0x000000091fe00000) (1024K)]
  0x0000013d922b5d80 JavaThread "Thread-15"                  daemon [_thread_in_native, id=14960, stack(0x000000091e600000,0x000000091e700000) (1024K)]
=>0x0000013d93056510 JavaThread "C2 CompilerThread1"         daemon [_thread_in_native, id=6356, stack(0x000000091e800000,0x000000091e900000) (1024K)]
Total: 60

Other Threads:
  0x0000013d3250eaf0 VMThread "VM Thread"                           [id=18580, stack(0x000000091c700000,0x000000091c800000) (1024K)]
  0x0000013d48ddca00 WatcherThread "VM Periodic Task Thread"        [id=6052, stack(0x000000091c600000,0x000000091c700000) (1024K)]
  0x0000013d324703c0 WorkerThread "GC Thread#0"                     [id=19956, stack(0x000000091c500000,0x000000091c600000) (1024K)]
  0x0000013d909b3b10 WorkerThread "GC Thread#1"                     [id=20592, stack(0x000000091d300000,0x000000091d400000) (1024K)]
  0x0000013d907e7520 WorkerThread "GC Thread#2"                     [id=20240, stack(0x000000091d400000,0x000000091d500000) (1024K)]
  0x0000013d907e78d0 WorkerThread "GC Thread#3"                     [id=18016, stack(0x000000091d500000,0x000000091d600000) (1024K)]
  0x0000013d907e7c80 WorkerThread "GC Thread#4"                     [id=18768, stack(0x000000091d600000,0x000000091d700000) (1024K)]
  0x0000013d909b3ec0 WorkerThread "GC Thread#5"                     [id=12900, stack(0x000000091d700000,0x000000091d800000) (1024K)]
  0x0000013d909b4270 WorkerThread "GC Thread#6"                     [id=6632, stack(0x000000091d800000,0x000000091d900000) (1024K)]
  0x0000013d48eefda0 WorkerThread "GC Thread#7"                     [id=1336, stack(0x000000091d900000,0x000000091da00000) (1024K)]
Total: 10

Threads with active compile tasks:
C2 CompilerThread1  3955996 21202       4       sun.security.ec.ECOperations::setDouble (463 bytes)
Total: 1

VM state: not at safepoint (normal execution)

VM Mutex/Monitor currently owned by a thread: None

Heap address: 0x0000000080000000, size: 2048 MB, Compressed Oops mode: 32-bit

CDS archive(s) mapped at: [0x0000013d49000000-0x0000013d49ba0000-0x0000013d49ba0000), size 12189696, SharedBaseAddress: 0x0000013d49000000, ArchiveRelocationMode: 1.
Compressed class space mapped at: 0x0000013d4a000000-0x0000013d8a000000, reserved size: 1073741824
Narrow klass base: 0x0000013d49000000, Narrow klass shift: 0, Narrow klass range: 0x100000000

GC Precious Log:
 CardTable entry size: 512
 CPUs: 8 total, 8 available
 Memory: 16190M
 Large Page Support: Disabled
 NUMA Support: Disabled
 Compressed Oops: Enabled (32-bit)
 Alignments: Space 512K, Generation 512K, Heap 2M
 Heap Min Capacity: 100M
 Heap Initial Capacity: 100M
 Heap Max Capacity: 2G
 Pre-touch: Disabled
 Parallel Workers: 8

Heap:
 PSYoungGen      total 5120K, used 3859K [0x00000000d5580000, 0x00000000d5c80000, 0x0000000100000000)
  eden space 4608K, 72% used [0x00000000d5580000,0x00000000d58c70c0,0x00000000d5a00000)
  from space 512K, 98% used [0x00000000d5b80000,0x00000000d5bfdcc8,0x00000000d5c00000)
  to   space 512K, 0% used [0x00000000d5c00000,0x00000000d5c00000,0x00000000d5c80000)
 ParOldGen       total 421888K, used 124242K [0x0000000080000000, 0x0000000099c00000, 0x00000000d5580000)
  object space 421888K, 29% used [0x0000000080000000,0x00000000879548c8,0x0000000099c00000)
 Metaspace       used 87413K, committed 88960K, reserved 1179648K
  class space    used 9001K, committed 9664K, reserved 1048576K

Card table byte_map: [0x0000013d31df0000,0x0000013d32200000] _byte_map_base: 0x0000013d319f0000

Marking Bits: (ParMarkBitMap*) 0x00007ffc00f03450
 Begin Bits: [0x0000013d44900000, 0x0000013d46900000)
 End Bits:   [0x0000013d46900000, 0x0000013d48900000)

Polling page: 0x0000013d30100000

Metaspace:

Usage:
  Non-class:     76.57 MB used.
      Class:      8.79 MB used.
       Both:     85.36 MB used.

Virtual space:
  Non-class space:      128.00 MB reserved,      77.44 MB ( 60%) committed,  2 nodes.
      Class space:        1.00 GB reserved,       9.44 MB ( <1%) committed,  1 nodes.
             Both:        1.12 GB reserved,      86.88 MB (  8%) committed. 

Chunk freelists:
   Non-Class:  2.31 MB
       Class:  6.51 MB
        Both:  8.82 MB

MaxMetaspaceSize: unlimited
CompressedClassSpaceSize: 1.00 GB
Initial GC threshold: 21.00 MB
Current GC threshold: 139.50 MB
CDS: on
 - commit_granule_bytes: 65536.
 - commit_granule_words: 8192.
 - virtual_space_node_default_size: 8388608.
 - enlarge_chunks_in_place: 1.
 - use_allocation_guard: 0.


Internal statistics:

num_allocs_failed_limit: 11.
num_arena_births: 1540.
num_arena_deaths: 350.
num_vsnodes_births: 3.
num_vsnodes_deaths: 0.
num_space_committed: 1390.
num_space_uncommitted: 0.
num_chunks_returned_to_freelist: 405.
num_chunks_taken_from_freelist: 5965.
num_chunk_merges: 112.
num_chunk_splits: 3453.
num_chunks_enlarged: 1916.
num_inconsistent_stats: 0.

CodeHeap 'non-profiled nmethods': size=120000Kb used=21849Kb max_used=23490Kb free=98150Kb
 bounds [0x0000013d3d120000, 0x0000013d3e820000, 0x0000013d44650000]
CodeHeap 'profiled nmethods': size=120000Kb used=39446Kb max_used=48271Kb free=80553Kb
 bounds [0x0000013d35650000, 0x0000013d38580000, 0x0000013d3cb80000]
CodeHeap 'non-nmethods': size=5760Kb used=1527Kb max_used=1608Kb free=4232Kb
 bounds [0x0000013d3cb80000, 0x0000013d3cdf0000, 0x0000013d3d120000]
CodeCache: size=245760Kb, used=62822Kb, max_used=73369Kb, free=182935Kb
 total_blobs=17604, nmethods=16760, adapters=746, full_count=0
Compilation: enabled, stopped_count=0, restarted_count=0

Compilation events (20 events):
Event: 3954.845 Thread 0x0000013d8b8bc3d0 nmethod 21259 0x0000013d35866b90 code [0x0000013d35866e00, 0x0000013d358677f8]
Event: 3954.850 Thread 0x0000013d48ecd720 nmethod 21232 0x0000013d3d71af90 code [0x0000013d3d71b200, 0x0000013d3d71b930]
Event: 3954.851 Thread 0x0000013d48ecd720 21256       4       sun.security.provider.SHA5::lf_sigma1 (21 bytes)
Event: 3954.851 Thread 0x0000013d48ecd720 nmethod 21256 0x0000013d3d1c3390 code [0x0000013d3d1c3500, 0x0000013d3d1c3580]
Event: 3954.852 Thread 0x0000013d48ecd720 21257       4       sun.security.provider.SHA5::lf_sigma0 (21 bytes)
Event: 3954.853 Thread 0x0000013d48ecd720 nmethod 21257 0x0000013d3d221310 code [0x0000013d3d221480, 0x0000013d3d221500]
Event: 3954.853 Thread 0x0000013d48ecd720 21260       4       sun.security.provider.SHA5::lf_delta1 (21 bytes)
Event: 3954.854 Thread 0x0000013d48ecd720 nmethod 21260 0x0000013d3d28e090 code [0x0000013d3d28e200, 0x0000013d3d28e280]
Event: 3954.854 Thread 0x0000013d48ecd720 21261       4       sun.security.provider.SHA5::lf_delta0 (20 bytes)
Event: 3954.855 Thread 0x0000013d48ecd720 nmethod 21261 0x0000013d3d922b10 code [0x0000013d3d922c80, 0x0000013d3d922d00]
Event: 3954.855 Thread 0x0000013d48ecd720 21238       4       java.util.HexFormat::toHighHexDigit (13 bytes)
Event: 3954.857 Thread 0x0000013d48ecd720 nmethod 21238 0x0000013d3dcff290 code [0x0000013d3dcff420, 0x0000013d3dcff4f8]
Event: 3954.857 Thread 0x0000013d48ecd720 21239       4       java.util.HexFormat::toLowHexDigit (11 bytes)
Event: 3954.858 Thread 0x0000013d48ecd720 nmethod 21239 0x0000013d3d2bd010 code [0x0000013d3d2bd1a0, 0x0000013d3d2bd278]
Event: 3954.904 Thread 0x0000013d9305a260 nmethod 21207 0x0000013d3dc3b890 code [0x0000013d3dc3ba60, 0x0000013d3dc3cf78]
Event: 3955.263 Thread 0x0000013d8b8bc3d0 21262       3       com.google.gson.stream.JsonWriter::endArray (9 bytes)
Event: 3955.263 Thread 0x0000013d48ecd720 21263       4       org.eclipse.lsp4j.jsonrpc.json.adapters.CollectionTypeAdapter::write (123 bytes)
Event: 3955.263 Thread 0x0000013d8b8bc3d0 nmethod 21262 0x0000013d359be290 code [0x0000013d359be440, 0x0000013d359be590]
Event: 3955.263 Thread 0x0000013d8b8bc3d0 21264       3       com.google.gson.stream.JsonWriter::beginArray (12 bytes)
Event: 3955.264 Thread 0x0000013d8b8bc3d0 nmethod 21264 0x0000013d35d23b10 code [0x0000013d35d23d20, 0x0000013d35d24120]

GC Heap History (20 events):
Event: 3953.632 GC heap before
{Heap before GC invocations=1417 (full 5):
 PSYoungGen      total 6656K, used 5331K [0x00000000d5580000, 0x00000000d5f00000, 0x0000000100000000)
  eden space 5120K, 93% used [0x00000000d5580000,0x00000000d5a2ccb8,0x00000000d5a80000)
  from space 1536K, 35% used [0x00000000d5c00000,0x00000000d5c88000,0x00000000d5d80000)
  to   space 1024K, 0% used [0x00000000d5e00000,0x00000000d5e00000,0x00000000d5f00000)
 ParOldGen       total 421888K, used 116710K [0x0000000080000000, 0x0000000099c00000, 0x00000000d5580000)
  object space 421888K, 27% used [0x0000000080000000,0x00000000871f9b78,0x0000000099c00000)
 Metaspace       used 85038K, committed 86848K, reserved 1179648K
  class space    used 8646K, committed 9408K, reserved 1048576K
}
Event: 3953.633 GC heap after
{Heap after GC invocations=1417 (full 5):
 PSYoungGen      total 5632K, used 160K [0x00000000d5580000, 0x00000000d5e80000, 0x0000000100000000)
  eden space 5120K, 0% used [0x00000000d5580000,0x00000000d5580000,0x00000000d5a80000)
  from space 512K, 31% used [0x00000000d5e00000,0x00000000d5e28000,0x00000000d5e80000)
  to   space 512K, 0% used [0x00000000d5d80000,0x00000000d5d80000,0x00000000d5e00000)
 ParOldGen       total 421888K, used 117166K [0x0000000080000000, 0x0000000099c00000, 0x00000000d5580000)
  object space 421888K, 27% used [0x0000000080000000,0x000000008726bb78,0x0000000099c00000)
 Metaspace       used 85038K, committed 86848K, reserved 1179648K
  class space    used 8646K, committed 9408K, reserved 1048576K
}
Event: 3953.648 GC heap before
{Heap before GC invocations=1418 (full 5):
 PSYoungGen      total 5632K, used 4368K [0x00000000d5580000, 0x00000000d5e80000, 0x0000000100000000)
  eden space 5120K, 82% used [0x00000000d5580000,0x00000000d599c2f8,0x00000000d5a80000)
  from space 512K, 31% used [0x00000000d5e00000,0x00000000d5e28000,0x00000000d5e80000)
  to   space 512K, 0% used [0x00000000d5d80000,0x00000000d5d80000,0x00000000d5e00000)
 ParOldGen       total 421888K, used 117166K [0x0000000080000000, 0x0000000099c00000, 0x00000000d5580000)
  object space 421888K, 27% used [0x0000000080000000,0x000000008726bb78,0x0000000099c00000)
 Metaspace       used 85038K, committed 86848K, reserved 1179648K
  class space    used 8646K, committed 9408K, reserved 1048576K
}
Event: 3953.649 GC heap after
{Heap after GC invocations=1418 (full 5):
 PSYoungGen      total 5632K, used 192K [0x00000000d5580000, 0x00000000d5e80000, 0x0000000100000000)
  eden space 5120K, 0% used [0x00000000d5580000,0x00000000d5580000,0x00000000d5a80000)
  from space 512K, 37% used [0x00000000d5d80000,0x00000000d5db0000,0x00000000d5e00000)
  to   space 512K, 0% used [0x00000000d5e00000,0x00000000d5e00000,0x00000000d5e80000)
 ParOldGen       total 421888K, used 117245K [0x0000000080000000, 0x0000000099c00000, 0x00000000d5580000)
  object space 421888K, 27% used [0x0000000080000000,0x000000008727f5b8,0x0000000099c00000)
 Metaspace       used 85038K, committed 86848K, reserved 1179648K
  class space    used 8646K, committed 9408K, reserved 1048576K
}
Event: 3953.679 GC heap before
{Heap before GC invocations=1419 (full 5):
 PSYoungGen      total 5632K, used 5301K [0x00000000d5580000, 0x00000000d5e80000, 0x0000000100000000)
  eden space 5120K, 99% used [0x00000000d5580000,0x00000000d5a7d7d0,0x00000000d5a80000)
  from space 512K, 37% used [0x00000000d5d80000,0x00000000d5db0000,0x00000000d5e00000)
  to   space 512K, 0% used [0x00000000d5e00000,0x00000000d5e00000,0x00000000d5e80000)
 ParOldGen       total 421888K, used 117245K [0x0000000080000000, 0x0000000099c00000, 0x00000000d5580000)
  object space 421888K, 27% used [0x0000000080000000,0x000000008727f5b8,0x0000000099c00000)
 Metaspace       used 85038K, committed 86848K, reserved 1179648K
  class space    used 8646K, committed 9408K, reserved 1048576K
}
Event: 3953.683 GC heap after
{Heap after GC invocations=1419 (full 5):
 PSYoungGen      total 5120K, used 512K [0x00000000d5580000, 0x00000000d6280000, 0x0000000100000000)
  eden space 4608K, 0% used [0x00000000d5580000,0x00000000d5580000,0x00000000d5a00000)
  from space 512K, 100% used [0x00000000d5e00000,0x00000000d5e80000,0x00000000d5e80000)
  to   space 4096K, 0% used [0x00000000d5a00000,0x00000000d5a00000,0x00000000d5e00000)
 ParOldGen       total 421888K, used 120223K [0x0000000080000000, 0x0000000099c00000, 0x00000000d5580000)
  object space 421888K, 28% used [0x0000000080000000,0x0000000087567e08,0x0000000099c00000)
 Metaspace       used 85038K, committed 86848K, reserved 1179648K
  class space    used 8646K, committed 9408K, reserved 1048576K
}
Event: 3953.743 GC heap before
{Heap before GC invocations=1420 (full 5):
 PSYoungGen      total 5120K, used 5049K [0x00000000d5580000, 0x00000000d6280000, 0x0000000100000000)
  eden space 4608K, 98% used [0x00000000d5580000,0x00000000d59ee538,0x00000000d5a00000)
  from space 512K, 100% used [0x00000000d5e00000,0x00000000d5e80000,0x00000000d5e80000)
  to   space 4096K, 0% used [0x00000000d5a00000,0x00000000d5a00000,0x00000000d5e00000)
 ParOldGen       total 421888K, used 120223K [0x0000000080000000, 0x0000000099c00000, 0x00000000d5580000)
  object space 421888K, 28% used [0x0000000080000000,0x0000000087567e08,0x0000000099c00000)
 Metaspace       used 85038K, committed 86848K, reserved 1179648K
  class space    used 8646K, committed 9408K, reserved 1048576K
}
Event: 3953.745 GC heap after
{Heap after GC invocations=1420 (full 5):
 PSYoungGen      total 6656K, used 1834K [0x00000000d5580000, 0x00000000d5f00000, 0x0000000100000000)
  eden space 4608K, 0% used [0x00000000d5580000,0x00000000d5580000,0x00000000d5a00000)
  from space 2048K, 89% used [0x00000000d5a00000,0x00000000d5bca8f0,0x00000000d5c00000)
  to   space 2560K, 0% used [0x00000000d5c80000,0x00000000d5c80000,0x00000000d5f00000)
 ParOldGen       total 421888K, used 120668K [0x0000000080000000, 0x0000000099c00000, 0x00000000d5580000)
  object space 421888K, 28% used [0x0000000080000000,0x00000000875d7358,0x0000000099c00000)
 Metaspace       used 85038K, committed 86848K, reserved 1179648K
  class space    used 8646K, committed 9408K, reserved 1048576K
}
Event: 3953.759 GC heap before
{Heap before GC invocations=1421 (full 5):
 PSYoungGen      total 6656K, used 6442K [0x00000000d5580000, 0x00000000d5f00000, 0x0000000100000000)
  eden space 4608K, 100% used [0x00000000d5580000,0x00000000d5a00000,0x00000000d5a00000)
  from space 2048K, 89% used [0x00000000d5a00000,0x00000000d5bca8f0,0x00000000d5c00000)
  to   space 2560K, 0% used [0x00000000d5c80000,0x00000000d5c80000,0x00000000d5f00000)
 ParOldGen       total 421888K, used 120668K [0x0000000080000000, 0x0000000099c00000, 0x00000000d5580000)
  object space 421888K, 28% used [0x0000000080000000,0x00000000875d7358,0x0000000099c00000)
 Metaspace       used 85038K, committed 86848K, reserved 1179648K
  class space    used 8646K, committed 9408K, reserved 1048576K
}
Event: 3953.761 GC heap after
{Heap after GC invocations=1421 (full 5):
 PSYoungGen      total 5120K, used 320K [0x00000000d5580000, 0x00000000d5d00000, 0x0000000100000000)
  eden space 4608K, 0% used [0x00000000d5580000,0x00000000d5580000,0x00000000d5a00000)
  from space 512K, 62% used [0x00000000d5c80000,0x00000000d5cd0000,0x00000000d5d00000)
  to   space 1024K, 0% used [0x00000000d5b00000,0x00000000d5b00000,0x00000000d5c00000)
 ParOldGen       total 421888K, used 120692K [0x0000000080000000, 0x0000000099c00000, 0x00000000d5580000)
  object space 421888K, 28% used [0x0000000080000000,0x00000000875dd358,0x0000000099c00000)
 Metaspace       used 85038K, committed 86848K, reserved 1179648K
  class space    used 8646K, committed 9408K, reserved 1048576K
}
Event: 3953.940 GC heap before
{Heap before GC invocations=1422 (full 5):
 PSYoungGen      total 5120K, used 4927K [0x00000000d5580000, 0x00000000d5d00000, 0x0000000100000000)
  eden space 4608K, 99% used [0x00000000d5580000,0x00000000d59ffff8,0x00000000d5a00000)
  from space 512K, 62% used [0x00000000d5c80000,0x00000000d5cd0000,0x00000000d5d00000)
  to   space 1024K, 0% used [0x00000000d5b00000,0x00000000d5b00000,0x00000000d5c00000)
 ParOldGen       total 421888K, used 120692K [0x0000000080000000, 0x0000000099c00000, 0x00000000d5580000)
  object space 421888K, 28% used [0x0000000080000000,0x00000000875dd358,0x0000000099c00000)
 Metaspace       used 85481K, committed 87168K, reserved 1179648K
  class space    used 8712K, committed 9472K, reserved 1048576K
}
Event: 3953.942 GC heap after
{Heap after GC invocations=1422 (full 5):
 PSYoungGen      total 5632K, used 633K [0x00000000d5580000, 0x00000000d5d00000, 0x0000000100000000)
  eden space 4608K, 0% used [0x00000000d5580000,0x00000000d5580000,0x00000000d5a00000)
  from space 1024K, 61% used [0x00000000d5b00000,0x00000000d5b9e470,0x00000000d5c00000)
  to   space 1024K, 0% used [0x00000000d5c00000,0x00000000d5c00000,0x00000000d5d00000)
 ParOldGen       total 421888K, used 120924K [0x0000000080000000, 0x0000000099c00000, 0x00000000d5580000)
  object space 421888K, 28% used [0x0000000080000000,0x0000000087617358,0x0000000099c00000)
 Metaspace       used 85481K, committed 87168K, reserved 1179648K
  class space    used 8712K, committed 9472K, reserved 1048576K
}
Event: 3953.994 GC heap before
{Heap before GC invocations=1423 (full 5):
 PSYoungGen      total 5632K, used 5240K [0x00000000d5580000, 0x00000000d5d00000, 0x0000000100000000)
  eden space 4608K, 99% used [0x00000000d5580000,0x00000000d59fff70,0x00000000d5a00000)
  from space 1024K, 61% used [0x00000000d5b00000,0x00000000d5b9e470,0x00000000d5c00000)
  to   space 1024K, 0% used [0x00000000d5c00000,0x00000000d5c00000,0x00000000d5d00000)
 ParOldGen       total 421888K, used 120924K [0x0000000080000000, 0x0000000099c00000, 0x00000000d5580000)
  object space 421888K, 28% used [0x0000000080000000,0x0000000087617358,0x0000000099c00000)
 Metaspace       used 85862K, committed 87360K, reserved 1179648K
  class space    used 8807K, committed 9472K, reserved 1048576K
}
Event: 3953.997 GC heap after
{Heap after GC invocations=1423 (full 5):
 PSYoungGen      total 5632K, used 544K [0x00000000d5580000, 0x00000000d5d00000, 0x0000000100000000)
  eden space 4608K, 0% used [0x00000000d5580000,0x00000000d5580000,0x00000000d5a00000)
  from space 1024K, 53% used [0x00000000d5c00000,0x00000000d5c88020,0x00000000d5d00000)
  to   space 1024K, 0% used [0x00000000d5b00000,0x00000000d5b00000,0x00000000d5c00000)
 ParOldGen       total 421888K, used 121427K [0x0000000080000000, 0x0000000099c00000, 0x00000000d5580000)
  object space 421888K, 28% used [0x0000000080000000,0x0000000087694ec0,0x0000000099c00000)
 Metaspace       used 85862K, committed 87360K, reserved 1179648K
  class space    used 8807K, committed 9472K, reserved 1048576K
}
Event: 3954.198 GC heap before
{Heap before GC invocations=1424 (full 5):
 PSYoungGen      total 5632K, used 5152K [0x00000000d5580000, 0x00000000d5d00000, 0x0000000100000000)
  eden space 4608K, 100% used [0x00000000d5580000,0x00000000d5a00000,0x00000000d5a00000)
  from space 1024K, 53% used [0x00000000d5c00000,0x00000000d5c88020,0x00000000d5d00000)
  to   space 1024K, 0% used [0x00000000d5b00000,0x00000000d5b00000,0x00000000d5c00000)
 ParOldGen       total 421888K, used 121427K [0x0000000080000000, 0x0000000099c00000, 0x00000000d5580000)
  object space 421888K, 28% used [0x0000000080000000,0x0000000087694ec0,0x0000000099c00000)
 Metaspace       used 86519K, committed 88000K, reserved 1179648K
  class space    used 8895K, committed 9536K, reserved 1048576K
}
Event: 3954.200 GC heap after
{Heap after GC invocations=1424 (full 5):
 PSYoungGen      total 5632K, used 256K [0x00000000d5580000, 0x00000000d5c80000, 0x0000000100000000)
  eden space 4608K, 0% used [0x00000000d5580000,0x00000000d5580000,0x00000000d5a00000)
  from space 1024K, 25% used [0x00000000d5b00000,0x00000000d5b40000,0x00000000d5c00000)
  to   space 512K, 0% used [0x00000000d5c00000,0x00000000d5c00000,0x00000000d5c80000)
 ParOldGen       total 421888K, used 121914K [0x0000000080000000, 0x0000000099c00000, 0x00000000d5580000)
  object space 421888K, 28% used [0x0000000080000000,0x000000008770e930,0x0000000099c00000)
 Metaspace       used 86519K, committed 88000K, reserved 1179648K
  class space    used 8895K, committed 9536K, reserved 1048576K
}
Event: 3954.650 GC heap before
{Heap before GC invocations=1425 (full 5):
 PSYoungGen      total 5632K, used 4863K [0x00000000d5580000, 0x00000000d5c80000, 0x0000000100000000)
  eden space 4608K, 99% used [0x00000000d5580000,0x00000000d59fffd0,0x00000000d5a00000)
  from space 1024K, 25% used [0x00000000d5b00000,0x00000000d5b40000,0x00000000d5c00000)
  to   space 512K, 0% used [0x00000000d5c00000,0x00000000d5c00000,0x00000000d5c80000)
 ParOldGen       total 421888K, used 121914K [0x0000000080000000, 0x0000000099c00000, 0x00000000d5580000)
  object space 421888K, 28% used [0x0000000080000000,0x000000008770e930,0x0000000099c00000)
 Metaspace       used 86901K, committed 88384K, reserved 1179648K
  class space    used 8945K, committed 9600K, reserved 1048576K
}
Event: 3954.652 GC heap after
{Heap after GC invocations=1425 (full 5):
 PSYoungGen      total 5120K, used 256K [0x00000000d5580000, 0x00000000d5c80000, 0x0000000100000000)
  eden space 4608K, 0% used [0x00000000d5580000,0x00000000d5580000,0x00000000d5a00000)
  from space 512K, 50% used [0x00000000d5c00000,0x00000000d5c40000,0x00000000d5c80000)
  to   space 512K, 0% used [0x00000000d5b80000,0x00000000d5b80000,0x00000000d5c00000)
 ParOldGen       total 421888K, used 122026K [0x0000000080000000, 0x0000000099c00000, 0x00000000d5580000)
  object space 421888K, 28% used [0x0000000080000000,0x000000008772a930,0x0000000099c00000)
 Metaspace       used 86901K, committed 88384K, reserved 1179648K
  class space    used 8945K, committed 9600K, reserved 1048576K
}
Event: 3954.807 GC heap before
{Heap before GC invocations=1426 (full 5):
 PSYoungGen      total 5120K, used 4864K [0x00000000d5580000, 0x00000000d5c80000, 0x0000000100000000)
  eden space 4608K, 100% used [0x00000000d5580000,0x00000000d5a00000,0x00000000d5a00000)
  from space 512K, 50% used [0x00000000d5c00000,0x00000000d5c40000,0x00000000d5c80000)
  to   space 512K, 0% used [0x00000000d5b80000,0x00000000d5b80000,0x00000000d5c00000)
 ParOldGen       total 421888K, used 122026K [0x0000000080000000, 0x0000000099c00000, 0x00000000d5580000)
  object space 421888K, 28% used [0x0000000080000000,0x000000008772a930,0x0000000099c00000)
 Metaspace       used 87225K, committed 88832K, reserved 1179648K
  class space    used 8978K, committed 9664K, reserved 1048576K
}
Event: 3954.810 GC heap after
{Heap after GC invocations=1426 (full 5):
 PSYoungGen      total 5120K, used 503K [0x00000000d5580000, 0x00000000d5c80000, 0x0000000100000000)
  eden space 4608K, 0% used [0x00000000d5580000,0x00000000d5580000,0x00000000d5a00000)
  from space 512K, 98% used [0x00000000d5b80000,0x00000000d5bfdcc8,0x00000000d5c00000)
  to   space 512K, 0% used [0x00000000d5c00000,0x00000000d5c00000,0x00000000d5c80000)
 ParOldGen       total 421888K, used 124242K [0x0000000080000000, 0x0000000099c00000, 0x00000000d5580000)
  object space 421888K, 29% used [0x0000000080000000,0x00000000879548c8,0x0000000099c00000)
 Metaspace       used 87225K, committed 88832K, reserved 1179648K
  class space    used 8978K, committed 9664K, reserved 1048576K
}

Dll operation events (12 events):
Event: 0.026 Loaded shared library c:\Users\hp\.vscode\extensions\redhat.java-1.53.0-win32-x64\jre\21.0.10-win32-x86_64\bin\java.dll
Event: 0.265 Loaded shared library c:\Users\hp\.vscode\extensions\redhat.java-1.53.0-win32-x64\jre\21.0.10-win32-x86_64\bin\zip.dll
Event: 0.353 Loaded shared library C:\Users\hp\.vscode\extensions\redhat.java-1.53.0-win32-x64\jre\21.0.10-win32-x86_64\bin\instrument.dll
Event: 0.377 Loaded shared library C:\Users\hp\.vscode\extensions\redhat.java-1.53.0-win32-x64\jre\21.0.10-win32-x86_64\bin\net.dll
Event: 0.381 Loaded shared library C:\Users\hp\.vscode\extensions\redhat.java-1.53.0-win32-x64\jre\21.0.10-win32-x86_64\bin\nio.dll
Event: 0.386 Loaded shared library C:\Users\hp\.vscode\extensions\redhat.java-1.53.0-win32-x64\jre\21.0.10-win32-x86_64\bin\zip.dll
Event: 0.415 Loaded shared library C:\Users\hp\.vscode\extensions\redhat.java-1.53.0-win32-x64\jre\21.0.10-win32-x86_64\bin\jimage.dll
Event: 0.545 Loaded shared library c:\Users\hp\.vscode\extensions\redhat.java-1.53.0-win32-x64\jre\21.0.10-win32-x86_64\bin\verify.dll
Event: 9.079 Loaded shared library C:\Users\hp\AppData\Roaming\Code\User\globalStorage\redhat.java\1.53.0\config_win\org.eclipse.equinox.launcher\org.eclipse.equinox.launcher.win32.win32.x86_64_1.3.0.v20260203-2149\eclipse_11919.dll
Event: 19.978 Loaded shared library C:\Users\hp\AppData\Local\Temp\jna-3336\jna4136232642719512995.dll
Event: 31.623 Loaded shared library C:\Users\hp\.vscode\extensions\redhat.java-1.53.0-win32-x64\jre\21.0.10-win32-x86_64\bin\sunmscapi.dll
Event: 128.567 Loaded shared library C:\Users\hp\.vscode\extensions\redhat.java-1.53.0-win32-x64\jre\21.0.10-win32-x86_64\bin\extnet.dll

Deoptimization events (20 events):
Event: 3954.810 Thread 0x0000013d922b5d80 DEOPT PACKING pc=0x0000013d359f388b sp=0x000000091e6fd5c0
Event: 3954.810 Thread 0x0000013d922b5d80 DEOPT UNPACKING pc=0x0000013d3cbd4242 sp=0x000000091e6fca38 mode 0
Event: 3954.811 Thread 0x0000013d922b5d80 DEOPT PACKING pc=0x0000013d359f388b sp=0x000000091e6fd5c0
Event: 3954.811 Thread 0x0000013d922b5d80 DEOPT UNPACKING pc=0x0000013d3cbd4242 sp=0x000000091e6fca38 mode 0
Event: 3954.812 Thread 0x0000013d922b5d80 DEOPT PACKING pc=0x0000013d359f388b sp=0x000000091e6fd5c0
Event: 3954.812 Thread 0x0000013d922b5d80 DEOPT UNPACKING pc=0x0000013d3cbd4242 sp=0x000000091e6fca38 mode 0
Event: 3954.812 Thread 0x0000013d922b5d80 DEOPT PACKING pc=0x0000013d359f388b sp=0x000000091e6fd5c0
Event: 3954.812 Thread 0x0000013d922b5d80 DEOPT UNPACKING pc=0x0000013d3cbd4242 sp=0x000000091e6fca38 mode 0
Event: 3954.813 Thread 0x0000013d922b5d80 DEOPT PACKING pc=0x0000013d359f388b sp=0x000000091e6fd5c0
Event: 3954.813 Thread 0x0000013d922b5d80 DEOPT UNPACKING pc=0x0000013d3cbd4242 sp=0x000000091e6fca38 mode 0
Event: 3954.813 Thread 0x0000013d922b5d80 DEOPT PACKING pc=0x0000013d359f388b sp=0x000000091e6fd5c0
Event: 3954.813 Thread 0x0000013d922b5d80 DEOPT UNPACKING pc=0x0000013d3cbd4242 sp=0x000000091e6fca38 mode 0
Event: 3954.814 Thread 0x0000013d922b5d80 DEOPT PACKING pc=0x0000013d359f388b sp=0x000000091e6fd5c0
Event: 3954.814 Thread 0x0000013d922b5d80 DEOPT UNPACKING pc=0x0000013d3cbd4242 sp=0x000000091e6fca38 mode 0
Event: 3954.814 Thread 0x0000013d922b5d80 DEOPT PACKING pc=0x0000013d359f388b sp=0x000000091e6fd5c0
Event: 3954.814 Thread 0x0000013d922b5d80 DEOPT UNPACKING pc=0x0000013d3cbd4242 sp=0x000000091e6fca38 mode 0
Event: 3954.815 Thread 0x0000013d922b5d80 DEOPT PACKING pc=0x0000013d359f388b sp=0x000000091e6fd5c0
Event: 3954.815 Thread 0x0000013d922b5d80 DEOPT UNPACKING pc=0x0000013d3cbd4242 sp=0x000000091e6fca38 mode 0
Event: 3954.815 Thread 0x0000013d922b5d80 DEOPT PACKING pc=0x0000013d359f388b sp=0x000000091e6fd5c0
Event: 3954.815 Thread 0x0000013d922b5d80 DEOPT UNPACKING pc=0x0000013d3cbd4242 sp=0x000000091e6fca38 mode 0

Classes loaded (20 events):
Event: 3954.844 Loading class com/sun/crypto/provider/GaloisCounterMode$GCMEncrypt done
Event: 3954.844 Loading class com/sun/crypto/provider/GaloisCounterMode$EncryptOp
Event: 3954.845 Loading class com/sun/crypto/provider/GaloisCounterMode$EncryptOp done
Event: 3954.846 Loading class javax/net/ssl/HandshakeCompletedEvent
Event: 3954.847 Loading class javax/net/ssl/HandshakeCompletedEvent done
Event: 3954.847 Loading class sun/security/ssl/TransportContext$NotifyHandshake
Event: 3954.847 Loading class sun/security/ssl/TransportContext$NotifyHandshake done
Event: 3954.847 Loading class javax/net/ssl/SSLEngineResult$HandshakeStatus
Event: 3954.848 Loading class javax/net/ssl/SSLEngineResult$HandshakeStatus done
Event: 3954.848 Loading class jdk/internal/event/TLSHandshakeEvent
Event: 3954.848 Loading class sun/security/ssl/TransportContext$NotifyHandshake$1
Event: 3954.848 Loading class jdk/internal/event/TLSHandshakeEvent done
Event: 3954.848 Loading class sun/security/ssl/TransportContext$NotifyHandshake$1 done
Event: 3954.848 Loading class sun/net/www/protocol/http/AuthenticationInfo
Event: 3954.849 Loading class sun/net/www/protocol/http/AuthCacheValue
Event: 3954.849 Loading class sun/net/www/protocol/http/AuthCacheValue done
Event: 3954.849 Loading class sun/net/www/protocol/http/AuthenticationInfo done
Event: 3955.660 Loading class sun/security/ssl/PostHandshakeContext
Event: 3955.661 Loading class sun/security/ssl/PostHandshakeContext done
Event: 3955.661 Loading class sun/security/ssl/NewSessionTicket$T13NewSessionTicketMessage

Classes unloaded (20 events):
Event: 3953.008 Thread 0x0000013d3250eaf0 Unloading class 0x0000013d4a017400 'java/lang/invoke/LambdaForm$MH+0x0000013d4a017400'
Event: 3953.008 Thread 0x0000013d3250eaf0 Unloading class 0x0000013d4a016400 'java/lang/invoke/LambdaForm$MH+0x0000013d4a016400'
Event: 3953.008 Thread 0x0000013d3250eaf0 Unloading class 0x0000013d4a00d800 'java/lang/invoke/LambdaForm$MH+0x0000013d4a00d800'
Event: 3953.008 Thread 0x0000013d3250eaf0 Unloading class 0x0000013d4a00d400 'java/lang/invoke/LambdaForm$MH+0x0000013d4a00d400'
Event: 3953.008 Thread 0x0000013d3250eaf0 Unloading class 0x0000013d4a00d000 'java/lang/invoke/LambdaForm$MH+0x0000013d4a00d000'
Event: 3953.008 Thread 0x0000013d3250eaf0 Unloading class 0x0000013d4a00cc00 'java/lang/invoke/LambdaForm$MH+0x0000013d4a00cc00'
Event: 3953.008 Thread 0x0000013d3250eaf0 Unloading class 0x0000013d4a00c800 'java/lang/invoke/LambdaForm$BMH+0x0000013d4a00c800'
Event: 3953.008 Thread 0x0000013d3250eaf0 Unloading class 0x0000013d4a00c000 'java/lang/invoke/LambdaForm$DMH+0x0000013d4a00c000'
Event: 3953.008 Thread 0x0000013d3250eaf0 Unloading class 0x0000013d4a008c00 'java/lang/invoke/LambdaForm$MH+0x0000013d4a008c00'
Event: 3953.008 Thread 0x0000013d3250eaf0 Unloading class 0x0000013d4a008800 'java/lang/invoke/LambdaForm$MH+0x0000013d4a008800'
Event: 3953.008 Thread 0x0000013d3250eaf0 Unloading class 0x0000013d4a008400 'java/lang/invoke/LambdaForm$MH+0x0000013d4a008400'
Event: 3953.008 Thread 0x0000013d3250eaf0 Unloading class 0x0000013d4a007000 'java/lang/invoke/LambdaForm$MH+0x0000013d4a007000'
Event: 3953.008 Thread 0x0000013d3250eaf0 Unloading class 0x0000013d4a006800 'java/lang/invoke/LambdaForm$MH+0x0000013d4a006800'
Event: 3953.008 Thread 0x0000013d3250eaf0 Unloading class 0x0000013d4a006400 'java/lang/invoke/LambdaForm$MH+0x0000013d4a006400'
Event: 3953.008 Thread 0x0000013d3250eaf0 Unloading class 0x0000013d4a006000 'java/lang/invoke/LambdaForm$MH+0x0000013d4a006000'
Event: 3953.008 Thread 0x0000013d3250eaf0 Unloading class 0x0000013d4a005c00 'java/lang/invoke/LambdaForm$BMH+0x0000013d4a005c00'
Event: 3953.008 Thread 0x0000013d3250eaf0 Unloading class 0x0000013d4a004800 'java/lang/invoke/LambdaForm$DMH+0x0000013d4a004800'
Event: 3953.008 Thread 0x0000013d3250eaf0 Unloading class 0x0000013d4a002400 'java/lang/invoke/LambdaForm$MH+0x0000013d4a002400'
Event: 3953.008 Thread 0x0000013d3250eaf0 Unloading class 0x0000013d4a002000 'java/lang/invoke/LambdaForm$MH+0x0000013d4a002000'
Event: 3953.008 Thread 0x0000013d3250eaf0 Unloading class 0x0000013d4a001800 'java/lang/invoke/LambdaForm$MH+0x0000013d4a001800'

Classes redefined (0 events):
No events

Internal exceptions (20 events):
Event: 3624.930 Thread 0x0000013d922b2270 Implicit null exception at 0x0000013d3db3ab24 to 0x0000013d3db3b1fc
Event: 3624.963 Thread 0x0000013d922b2270 Exception <a 'sun/nio/fs/WindowsException'{0x00000000d57b0d28}> (0x00000000d57b0d28) 
thrown [s\src\hotspot\share\prims\jni.cpp, line 520]
Event: 3624.963 Thread 0x0000013d922b2270 Exception <a 'sun/nio/fs/WindowsException'{0x00000000d57b1358}> (0x00000000d57b1358) 
thrown [s\src\hotspot\share\prims\jni.cpp, line 520]
Event: 3644.195 Thread 0x0000013d922b2270 Exception <a 'java/lang/NoSuchMethodError'{0x00000000d5640568}: 'java.lang.Object java.lang.invoke.DirectMethodHandle$Holder.invokeStatic(java.lang.Object, java.lang.Object, int, java.lang.Object, java.lang.Object)'> (0x00000000d5640568) 
thrown [s\src\hotspot\share\interpreter\linkResolver.cpp, line 773]
Event: 3644.215 Thread 0x0000013d922b2270 Implicit null exception at 0x0000013d3e7131c4 to 0x0000013d3e714a6c
Event: 3650.077 Thread 0x0000013d9136d590 Exception <a 'sun/nio/fs/WindowsException'{0x00000000d56de2a0}> (0x00000000d56de2a0) 
thrown [s\src\hotspot\share\prims\jni.cpp, line 520]
Event: 3650.207 Thread 0x0000013d9136d590 Exception <a 'sun/nio/fs/WindowsException'{0x00000000d582c718}> (0x00000000d582c718) 
thrown [s\src\hotspot\share\prims\jni.cpp, line 520]
Event: 3779.687 Thread 0x0000013d932a1930 Implicit null exception at 0x0000013d3de82300 to 0x0000013d3de82349
Event: 3779.808 Thread 0x0000013d922b2f90 Implicit null exception at 0x0000013d3df78c28 to 0x0000013d3df79fe0
Event: 3779.810 Thread 0x0000013d922b2f90 Exception <a 'sun/nio/fs/WindowsException'{0x00000000d591a308}> (0x00000000d591a308) 
thrown [s\src\hotspot\share\prims\jni.cpp, line 520]
Event: 3781.316 Thread 0x0000013d922b2900 Implicit null exception at 0x0000013d3e101aa0 to 0x0000013d3e1046c0
Event: 3952.822 Thread 0x0000013d932a8f50 Implicit null exception at 0x0000013d3e579451 to 0x0000013d3e57aa1c
Event: 3953.186 Thread 0x0000013d922b5d80 Implicit null exception at 0x0000013d3e11b71a to 0x0000013d3e11bc00
Event: 3953.188 Thread 0x0000013d922b5d80 Implicit null exception at 0x0000013d3df95239 to 0x0000013d3df95488
Event: 3953.189 Thread 0x0000013d922b5d80 Implicit null exception at 0x0000013d3d382d92 to 0x0000013d3d382e3d
Event: 3953.361 Thread 0x0000013d922b5d80 Implicit null exception at 0x0000013d3d901a86 to 0x0000013d3d9025a4
Event: 3953.361 Thread 0x0000013d922b5d80 Implicit null exception at 0x0000013d3d3d7c2b to 0x0000013d3d3d899c
Event: 3953.826 Thread 0x0000013d932a8f50 Exception <a 'sun/nio/fs/WindowsException'{0x00000000d57b6b08}> (0x00000000d57b6b08) 
thrown [s\src\hotspot\share\prims\jni.cpp, line 520]
Event: 3953.826 Thread 0x0000013d932a8f50 Exception <a 'sun/nio/fs/WindowsException'{0x00000000d57b7138}> (0x00000000d57b7138) 
thrown [s\src\hotspot\share\prims\jni.cpp, line 520]
Event: 3954.533 Thread 0x0000013d922b5d80 Implicit null exception at 0x0000013d3d294571 to 0x0000013d3d29462c

ZGC Phase Switch (0 events):
No events

VM Operations (20 events):
Event: 3953.761 Executing safepoint VM operation: ParallelGCFailedAllocation (Allocation Failure) done
Event: 3953.786 Executing non-safepoint VM operation: HandshakeAllThreads (Deoptimize)
Event: 3953.786 Executing non-safepoint VM operation: HandshakeAllThreads (Deoptimize) done
Event: 3953.940 Executing safepoint VM operation: ParallelGCFailedAllocation (Allocation Failure)
Event: 3953.942 Executing safepoint VM operation: ParallelGCFailedAllocation (Allocation Failure) done
Event: 3953.950 Executing non-safepoint VM operation: HandshakeAllThreads (Deoptimize)
Event: 3953.951 Executing non-safepoint VM operation: HandshakeAllThreads (Deoptimize) done
Event: 3953.992 Executing non-safepoint VM operation: HandshakeAllThreads (Deoptimize)
Event: 3953.993 Executing non-safepoint VM operation: HandshakeAllThreads (Deoptimize) done
Event: 3953.994 Executing safepoint VM operation: ParallelGCFailedAllocation (Allocation Failure)
Event: 3953.997 Executing safepoint VM operation: ParallelGCFailedAllocation (Allocation Failure) done
Event: 3954.023 Executing non-safepoint VM operation: HandshakeAllThreads (Deoptimize)
Event: 3954.023 Executing non-safepoint VM operation: HandshakeAllThreads (Deoptimize) done
Event: 3954.198 Executing safepoint VM operation: ParallelGCFailedAllocation (Allocation Failure)
Event: 3954.200 Executing safepoint VM operation: ParallelGCFailedAllocation (Allocation Failure) done
Event: 3954.650 Executing safepoint VM operation: ParallelGCFailedAllocation (Allocation Failure)
Event: 3954.652 Executing safepoint VM operation: ParallelGCFailedAllocation (Allocation Failure) done
Event: 3954.806 Executing safepoint VM operation: ParallelGCFailedAllocation (Allocation Failure)
Event: 3954.810 Executing safepoint VM operation: ParallelGCFailedAllocation (Allocation Failure) done
Event: 3955.820 Executing safepoint VM operation: Cleanup

Memory protections (0 events):
No events

Nmethod flushes (20 events):
Event: 3953.086 Thread 0x0000013d3250eaf0 flushing  nmethod 0x0000013d37808c90
Event: 3953.086 Thread 0x0000013d3250eaf0 flushing  nmethod 0x0000013d3781b490
Event: 3953.086 Thread 0x0000013d3250eaf0 flushing  nmethod 0x0000013d378b4a90
Event: 3953.086 Thread 0x0000013d3250eaf0 flushing  nmethod 0x0000013d378b5f10
Event: 3953.086 Thread 0x0000013d3250eaf0 flushing  nmethod 0x0000013d378ec810
Event: 3953.086 Thread 0x0000013d3250eaf0 flushing  nmethod 0x0000013d378ece10
Event: 3953.086 Thread 0x0000013d3250eaf0 flushing osr nmethod 0x0000013d378eda10
Event: 3953.086 Thread 0x0000013d3250eaf0 flushing  nmethod 0x0000013d378f4c10
Event: 3953.086 Thread 0x0000013d3250eaf0 flushing  nmethod 0x0000013d37904510
Event: 3953.086 Thread 0x0000013d3250eaf0 flushing osr nmethod 0x0000013d37904d10
Event: 3953.086 Thread 0x0000013d3250eaf0 flushing  nmethod 0x0000013d37907190
Event: 3953.086 Thread 0x0000013d3250eaf0 flushing  nmethod 0x0000013d3791bf90
Event: 3953.086 Thread 0x0000013d3250eaf0 flushing osr nmethod 0x0000013d37922510
Event: 3953.086 Thread 0x0000013d3250eaf0 flushing  nmethod 0x0000013d37962910
Event: 3953.086 Thread 0x0000013d3250eaf0 flushing  nmethod 0x0000013d37994110
Event: 3953.086 Thread 0x0000013d3250eaf0 flushing  nmethod 0x0000013d3799d390
Event: 3953.086 Thread 0x0000013d3250eaf0 flushing  nmethod 0x0000013d37a38c90
Event: 3953.086 Thread 0x0000013d3250eaf0 flushing  nmethod 0x0000013d37a67790
Event: 3953.086 Thread 0x0000013d3250eaf0 flushing  nmethod 0x0000013d37a72090
Event: 3953.086 Thread 0x0000013d3250eaf0 flushing  nmethod 0x0000013d37a80290

Events (20 events):
Event: 3946.239 Thread 0x0000013d93058df0 Thread exited: 0x0000013d93058df0
Event: 3950.098 Thread 0x0000013d922b2f90 Thread added: 0x0000013d922b5d80
Event: 3950.099 Thread 0x0000013d922b5d80 Thread added: 0x0000013d922b2900
Event: 3950.099 Thread 0x0000013d922b5d80 Thread added: 0x0000013d922b6aa0
Event: 3950.099 Thread 0x0000013d922b6aa0 Thread exited: 0x0000013d922b6aa0
Event: 3950.099 Thread 0x0000013d922b2900 Thread exited: 0x0000013d922b2900
Event: 3950.099 Thread 0x0000013d922b5d80 Thread exited: 0x0000013d922b5d80
Event: 3950.104 Thread 0x0000013d922b2f90 Thread added: 0x0000013d922b5d80
Event: 3950.104 Thread 0x0000013d922b5d80 Thread exited: 0x0000013d922b5d80
Event: 3950.245 Thread 0x0000013d932a6160 Thread exited: 0x0000013d932a6160
Event: 3950.245 Thread 0x0000013d932a5440 Thread exited: 0x0000013d932a5440
Event: 3950.246 Thread 0x0000013d932a4090 Thread exited: 0x0000013d932a4090
Event: 3952.869 Thread 0x0000013d932a8f50 Thread added: 0x0000013d922b5d80
Event: 3953.208 Thread 0x0000013d8b8bc3d0 Thread added: 0x0000013d93056510
Event: 3953.278 Thread 0x0000013d8b8bc3d0 Thread added: 0x0000013d930572b0
Event: 3954.532 Thread 0x0000013d930572b0 Thread exited: 0x0000013d930572b0
Event: 3954.552 Thread 0x0000013d8b8bc3d0 Thread added: 0x0000013d9305a260
Event: 3954.847 Thread 0x0000013d922b5d80 Thread added: 0x0000013d922b6aa0
Event: 3954.848 Thread 0x0000013d922b6aa0 Thread exited: 0x0000013d922b6aa0
Event: 3955.263 Thread 0x0000013d9305a260 Thread exited: 0x0000013d9305a260


Dynamic libraries:
0x00007ff7eab60000 - 0x00007ff7eab6e000 	c:\Users\hp\.vscode\extensions\redhat.java-1.53.0-win32-x64\jre\21.0.10-win32-x86_64\bin\java.exe
0x00007ffcb8be0000 - 0x00007ffcb8e47000 	C:\WINDOWS\SYSTEM32\ntdll.dll
0x00007ffcb6f40000 - 0x00007ffcb7009000 	C:\WINDOWS\System32\KERNEL32.DLL
0x00007ffcb5d00000 - 0x00007ffcb60f4000 	C:\WINDOWS\System32\KERNELBASE.dll
0x00007ffcb5890000 - 0x00007ffcb59db000 	C:\WINDOWS\System32\ucrtbase.dll
0x00007ffc1f360000 - 0x00007ffc1f37e000 	c:\Users\hp\.vscode\extensions\redhat.java-1.53.0-win32-x64\jre\21.0.10-win32-x86_64\bin\VCRUNTIME140.dll
0x00007ffc1e4c0000 - 0x00007ffc1e4d8000 	c:\Users\hp\.vscode\extensions\redhat.java-1.53.0-win32-x64\jre\21.0.10-win32-x86_64\bin\jli.dll
0x00007ffcb70c0000 - 0x00007ffcb7285000 	C:\WINDOWS\System32\USER32.dll
0x00007ffcb5c10000 - 0x00007ffcb5c37000 	C:\WINDOWS\System32\win32u.dll
0x00007ffcb7be0000 - 0x00007ffcb7c0b000 	C:\WINDOWS\System32\GDI32.dll
0x00007ffcb5760000 - 0x00007ffcb588a000 	C:\WINDOWS\System32\gdi32full.dll
0x00007ffc96600000 - 0x00007ffc96893000 	C:\WINDOWS\WinSxS\amd64_microsoft.windows.common-controls_6595b64144ccf1df_6.0.26100.8115_none_3e075c82e3354f9c\COMCTL32.dll
0x00007ffcb59e0000 - 0x00007ffcb5a83000 	C:\WINDOWS\System32\msvcp_win.dll
0x00007ffcb8870000 - 0x00007ffcb8919000 	C:\WINDOWS\System32\msvcrt.dll
0x00007ffcb6d70000 - 0x00007ffcb6da2000 	C:\WINDOWS\System32\IMM32.DLL
0x00007ffc79600000 - 0x00007ffc7960c000 	c:\Users\hp\.vscode\extensions\redhat.java-1.53.0-win32-x64\jre\21.0.10-win32-x86_64\bin\vcruntime140_1.dll
0x00007ffc1e430000 - 0x00007ffc1e4bd000 	c:\Users\hp\.vscode\extensions\redhat.java-1.53.0-win32-x64\jre\21.0.10-win32-x86_64\bin\msvcp140.dll
0x00007ffc00240000 - 0x00007ffc00fe1000 	c:\Users\hp\.vscode\extensions\redhat.java-1.53.0-win32-x64\jre\21.0.10-win32-x86_64\bin\server\jvm.dll
0x00007ffcb6c30000 - 0x00007ffcb6ce6000 	C:\WINDOWS\System32\ADVAPI32.dll
0x00007ffcb7010000 - 0x00007ffcb70b7000 	C:\WINDOWS\System32\sechost.dll
0x00007ffcb7320000 - 0x00007ffcb7438000 	C:\WINDOWS\System32\RPCRT4.dll
0x00007ffcb6db0000 - 0x00007ffcb6e30000 	C:\WINDOWS\System32\WS2_32.dll
0x00007ffca05f0000 - 0x00007ffca0626000 	C:\WINDOWS\SYSTEM32\WINMM.dll
0x00007ffcb5310000 - 0x00007ffcb536e000 	C:\WINDOWS\SYSTEM32\POWRPROF.dll
0x00007ffcae2c0000 - 0x00007ffcae2cb000 	C:\WINDOWS\SYSTEM32\VERSION.dll
0x00007ffcb52f0000 - 0x00007ffcb5304000 	C:\WINDOWS\SYSTEM32\UMPDC.dll
0x00007ffcb4200000 - 0x00007ffcb421b000 	C:\WINDOWS\SYSTEM32\kernel.appcore.dll
0x00007ffc79470000 - 0x00007ffc7947a000 	c:\Users\hp\.vscode\extensions\redhat.java-1.53.0-win32-x64\jre\21.0.10-win32-x86_64\bin\jimage.dll
0x00007ffcb32d0000 - 0x00007ffcb3512000 	C:\WINDOWS\SYSTEM32\DBGHELP.DLL
0x00007ffcb83d0000 - 0x00007ffcb8752000 	C:\WINDOWS\System32\combase.dll
0x00007ffcb8100000 - 0x00007ffcb81d7000 	C:\WINDOWS\System32\OLEAUT32.dll
0x00007ffcae190000 - 0x00007ffcae1cb000 	C:\WINDOWS\SYSTEM32\dbgcore.DLL
0x00007ffcb56b0000 - 0x00007ffcb5755000 	C:\WINDOWS\System32\bcryptPrimitives.dll
0x00007ffc78df0000 - 0x00007ffc78dff000 	c:\Users\hp\.vscode\extensions\redhat.java-1.53.0-win32-x64\jre\21.0.10-win32-x86_64\bin\instrument.dll
0x00007ffc1e410000 - 0x00007ffc1e430000 	c:\Users\hp\.vscode\extensions\redhat.java-1.53.0-win32-x64\jre\21.0.10-win32-x86_64\bin\java.dll
0x00007ffcb7470000 - 0x00007ffcb7bd6000 	C:\WINDOWS\System32\SHELL32.dll
0x00007ffcb54b0000 - 0x00007ffcb561a000 	C:\WINDOWS\System32\wintypes.dll
0x00007ffcb6100000 - 0x00007ffcb6965000 	C:\WINDOWS\System32\windows.storage.dll
0x00007ffcb8770000 - 0x00007ffcb8867000 	C:\WINDOWS\System32\SHCORE.dll
0x00007ffcb8920000 - 0x00007ffcb8986000 	C:\WINDOWS\System32\shlwapi.dll
0x00007ffcb53d0000 - 0x00007ffcb53f9000 	C:\WINDOWS\SYSTEM32\profapi.dll
0x00007ffc1e3f0000 - 0x00007ffc1e408000 	c:\Users\hp\.vscode\extensions\redhat.java-1.53.0-win32-x64\jre\21.0.10-win32-x86_64\bin\zip.dll
0x00007ffc76dd0000 - 0x00007ffc76de0000 	C:\Users\hp\.vscode\extensions\redhat.java-1.53.0-win32-x64\jre\21.0.10-win32-x86_64\bin\net.dll
0x00007ffca9920000 - 0x00007ffca9a4d000 	C:\WINDOWS\SYSTEM32\WINHTTP.dll
0x00007ffcb4750000 - 0x00007ffcb47bc000 	C:\WINDOWS\system32\mswsock.dll
0x00007ffc1e3d0000 - 0x00007ffc1e3e6000 	C:\Users\hp\.vscode\extensions\redhat.java-1.53.0-win32-x64\jre\21.0.10-win32-x86_64\bin\nio.dll
0x00007ffc764b0000 - 0x00007ffc764c0000 	c:\Users\hp\.vscode\extensions\redhat.java-1.53.0-win32-x64\jre\21.0.10-win32-x86_64\bin\verify.dll
0x00007ffc1e380000 - 0x00007ffc1e3c5000 	C:\Users\hp\AppData\Roaming\Code\User\globalStorage\redhat.java\1.53.0\config_win\org.eclipse.equinox.launcher\org.eclipse.equinox.launcher.win32.win32.x86_64_1.3.0.v20260203-2149\eclipse_11919.dll
0x00007ffcb6a30000 - 0x00007ffcb6bc7000 	C:\WINDOWS\System32\ole32.dll
0x00007ffcb4b50000 - 0x00007ffcb4b6b000 	C:\WINDOWS\SYSTEM32\CRYPTSP.dll
0x00007ffcb4160000 - 0x00007ffcb4199000 	C:\WINDOWS\system32\rsaenh.dll
0x00007ffcb4800000 - 0x00007ffcb4833000 	C:\WINDOWS\SYSTEM32\USERENV.dll
0x00007ffcb53a0000 - 0x00007ffcb53ca000 	C:\WINDOWS\SYSTEM32\bcrypt.dll
0x00007ffcb49b0000 - 0x00007ffcb49bc000 	C:\WINDOWS\SYSTEM32\CRYPTBASE.dll
0x00007ffcb3b50000 - 0x00007ffcb3b82000 	C:\WINDOWS\SYSTEM32\IPHLPAPI.DLL
0x00007ffcb7c10000 - 0x00007ffcb7c1a000 	C:\WINDOWS\System32\NSI.dll
0x00007ffc1c120000 - 0x00007ffc1c169000 	C:\Users\hp\AppData\Local\Temp\jna-3336\jna4136232642719512995.dll
0x00007ffcb7460000 - 0x00007ffcb7468000 	C:\WINDOWS\System32\PSAPI.DLL
0x00007ffca9a90000 - 0x00007ffca9aad000 	C:\WINDOWS\SYSTEM32\dhcpcsvc6.DLL
0x00007ffca98a0000 - 0x00007ffca98c5000 	C:\WINDOWS\SYSTEM32\dhcpcsvc.DLL
0x00007ffcb4320000 - 0x00007ffcb4356000 	C:\WINDOWS\SYSTEM32\ntmarta.dll
0x00007ffc75790000 - 0x00007ffc7579e000 	C:\Users\hp\.vscode\extensions\redhat.java-1.53.0-win32-x64\jre\21.0.10-win32-x86_64\bin\sunmscapi.dll
0x00007ffcb5a90000 - 0x00007ffcb5c07000 	C:\WINDOWS\System32\CRYPT32.dll
0x00007ffcb4cb0000 - 0x00007ffcb4ce0000 	C:\WINDOWS\SYSTEM32\ncrypt.dll
0x00007ffcb4c60000 - 0x00007ffcb4c9f000 	C:\WINDOWS\SYSTEM32\NTASN1.dll
0x00007ffcae140000 - 0x00007ffcae149000 	C:\Users\hp\.vscode\extensions\redhat.java-1.53.0-win32-x64\jre\21.0.10-win32-x86_64\bin\extnet.dll
0x00007ffcb3cd0000 - 0x00007ffcb3e02000 	C:\WINDOWS\SYSTEM32\DNSAPI.dll
0x00007ffc99130000 - 0x00007ffc9913b000 	C:\Windows\System32\rasadhlp.dll
0x00007ffca7ea0000 - 0x00007ffca7f26000 	C:\WINDOWS\System32\fwpuclnt.dll

JVMTI agents:
c:\Users\hp\.vscode\extensions\redhat.java-1.53.0-win32-x64\lombok\lombok-1.18.39-4050.jar path:c:\Users\hp\.vscode\extensions\redhat.java-1.53.0-win32-x64\jre\21.0.10-win32-x86_64\bin\instrument.dll, loaded, initialized, instrumentlib options:none

dbghelp: loaded successfully - version: 4.0.5 - missing functions: none
symbol engine: initialized successfully - sym options: 0x614 - pdb path: .;c:\Users\hp\.vscode\extensions\redhat.java-1.53.0-win32-x64\jre\21.0.10-win32-x86_64\bin;C:\WINDOWS\SYSTEM32;C:\WINDOWS\WinSxS\amd64_microsoft.windows.common-controls_6595b64144ccf1df_6.0.26100.8115_none_3e075c82e3354f9c;c:\Users\hp\.vscode\extensions\redhat.java-1.53.0-win32-x64\jre\21.0.10-win32-x86_64\bin\server;C:\Users\hp\AppData\Roaming\Code\User\globalStorage\redhat.java\1.53.0\config_win\org.eclipse.equinox.launcher\org.eclipse.equinox.launcher.win32.win32.x86_64_1.3.0.v20260203-2149;C:\Users\hp\AppData\Local\Temp\jna-3336

VM Arguments:
jvm_args: --add-modules=ALL-SYSTEM --add-opens=java.base/java.util=ALL-UNNAMED --add-opens=java.base/java.lang=ALL-UNNAMED --add-opens=java.base/sun.nio.fs=ALL-UNNAMED -Declipse.application=org.eclipse.jdt.ls.core.id1 -Dosgi.bundles.defaultStartLevel=4 -Declipse.product=org.eclipse.jdt.ls.core.product -Djava.import.generatesMetadataFilesAtProjectRoot=false -DDetectVMInstallationsJob.disabled=true -Dfile.encoding=utf8 -XX:+UseParallelGC -XX:GCTimeRatio=4 -XX:AdaptiveSizePolicyWeight=90 -Dsun.zip.disableMemoryMapping=true -Xmx2G -Xms100m -Xlog:disable -javaagent:c:\Users\hp\.vscode\extensions\redhat.java-1.53.0-win32-x64\lombok\lombok-1.18.39-4050.jar -XX:+HeapDumpOnOutOfMemoryError -XX:HeapDumpPath=c:\Users\hp\AppData\Roaming\Code\User\workspaceStorage\5143aa56e383250e590f704b95a822f4\redhat.java -Daether.dependencyCollector.impl=bf 
java_command: c:\Users\hp\.vscode\extensions\redhat.java-1.53.0-win32-x64\server\plugins\org.eclipse.equinox.launcher_1.7.100.v20251111-0406.jar -configuration c:\Users\hp\AppData\Roaming\Code\User\globalStorage\redhat.java\1.53.0\config_win -data c:\Users\hp\AppData\Roaming\Code\User\workspaceStorage\5143aa56e383250e590f704b95a822f4\redhat.java\jdt_ws --pipe=\\.\pipe\lsp-c51937f9b58703fcdfbac412b17c8b92-sock
java_class_path (initial): c:\Users\hp\.vscode\extensions\redhat.java-1.53.0-win32-x64\server\plugins\org.eclipse.equinox.launcher_1.7.100.v20251111-0406.jar
Launcher Type: SUN_STANDARD

[Global flags]
    uintx AdaptiveSizePolicyWeight                 = 90                                        {product} {command line}
     intx CICompilerCount                          = 4                                         {product} {ergonomic}
    uintx GCTimeRatio                              = 4                                         {product} {command line}
     bool HeapDumpOnOutOfMemoryError               = true                                   {manageable} {command line}
    ccstr HeapDumpPath                             = c:\Users\hp\AppData\Roaming\Code\User\workspaceStorage\5143aa56e383250e590f704b95a822f4\redhat.java         {manageable} {command line}
   size_t InitialHeapSize                          = 104857600                                 {product} {command line}
   size_t MaxHeapSize                              = 2147483648                                {product} {command line}
   size_t MaxNewSize                               = 715653120                                 {product} {ergonomic}
   size_t MinHeapDeltaBytes                        = 524288                                    {product} {ergonomic}
   size_t MinHeapSize                              = 104857600                                 {product} {command line}
   size_t NewSize                                  = 34603008                                  {product} {ergonomic}
    uintx NonNMethodCodeHeapSize                   = 5839372                                {pd product} {ergonomic}
    uintx NonProfiledCodeHeapSize                  = 122909434                              {pd product} {ergonomic}
   size_t OldSize                                  = 70254592                                  {product} {ergonomic}
    uintx ProfiledCodeHeapSize                     = 122909434                              {pd product} {ergonomic}
    uintx ReservedCodeCacheSize                    = 251658240                              {pd product} {ergonomic}
     bool SegmentedCodeCache                       = true                                      {product} {ergonomic}
   size_t SoftMaxHeapSize                          = 2147483648                             {manageable} {ergonomic}
     bool UseCompressedOops                        = true                           {product lp64_product} {ergonomic}
     bool UseLargePagesIndividualAllocation        = false                                  {pd product} {ergonomic}
     bool UseParallelGC                            = true                                      {product} {command line}

Logging:
Log output configuration:
 #0: stdout all=off uptime,level,tags foldmultilines=false
 #1: stderr all=off uptime,level,tags foldmultilines=false

Release file:
JAVA_VERSION="21.0.10" 
MODULES="java.base java.compiler java.datatransfer java.xml java.prefs java.desktop java.instrument java.logging java.management java.security.sasl java.naming java.rmi java.management.rmi java.net.http java.scripting java.security.jgss java.transaction.xa java.sql java.sql.rowset java.xml.crypto java.se java.smartcardio jdk.accessibility jdk.internal.jvmstat jdk.attach jdk.charsets jdk.internal.opt jdk.zipfs jdk.compiler jdk.crypto.ec jdk.crypto.cryptoki jdk.crypto.mscapi jdk.dynalink jdk.internal.ed jdk.editpad jdk.hotspot.agent jdk.httpserver jdk.internal.le jdk.internal.vm.ci jdk.internal.vm.compiler jdk.internal.vm.compiler.management jdk.jartool jdk.javadoc jdk.jcmd jdk.management jdk.management.agent jdk.jconsole jdk.jdeps jdk.jdwp.agent jdk.jdi jdk.jfr jdk.jshell jdk.jsobject jdk.jstatd jdk.localedata jdk.management.jfr jdk.naming.dns jdk.naming.rmi jdk.net jdk.nio.mapmode jdk.random jdk.sctp jdk.security.auth jdk.security.jgss jdk.unsupported jdk.unsupported.desktop jdk.xml.dom" 

Environment Variables:
PATH=C:\Users\hp\AppData\Local\Programs\Microsoft VS Code;C:\Program Files\Eclipse Adoptium\jdk-25.0.1.8-hotspot\bin;C:\Program Files (x86)\Falcon\MinGW\bin;C:\Program Files\Common Files\Oracle\Java\javapath;C:\Program Files (x86)\Common Files\Oracle\Java\java8path;C:\Program Files (x86)\Common Files\Oracle\Java\javapath;C:\WINDOWS\system32;C:\WINDOWS;C:\WINDOWS\System32\Wbem;C:\WINDOWS\System32\WindowsPowerShell\v1.0\;C:\WINDOWS\System32\OpenSSH\;C:\Program Files (x86)\Microsoft SQL Server\160\Tools\Binn\;C:\Program Files\Microsoft SQL Server\160\Tools\Binn\;C:\Program Files\Microsoft SQL Server\Client SDK\ODBC\170\Tools\Binn\;C:\Program Files\Microsoft SQL Server\160\DTS\Binn\;C:\Program Files\Git\cmd;C:\Program Files\Microsoft SQL Server\Client SDK\ODBC\110\Tools\Binn\;C:\Program Files\Microsoft SQL Server\120\DTS\Binn\;C:\Program Files (x86)\Microsoft SQL Server\120\Tools\Binn\;C:\Program Files\Microsoft SQL Server\120\Tools\Binn\;C:\Program Files (x86)\Microsoft SQL Server\120\Tools\Binn\ManagementStudio\;C:\Program Files (x86)\Microsoft SQL Server\120\DTS\Binn\;C:\Program Files\Java\jdk-19\bin;C:\Users\hp\.local\bin;C:\Users\hp\AppData\Local\Microsoft\WindowsApps;C:\Users\hp\AppData\Local\Programs\Microsoft VS Code\bin;C:\Users\hp\AppData\Local\GitHubDesktop\bin
USERNAME=hp
OS=Windows_NT
PROCESSOR_IDENTIFIER=Intel64 Family 6 Model 142 Stepping 12, GenuineIntel
TMP=C:\Users\hp\AppData\Local\Temp
TEMP=C:\Users\hp\AppData\Local\Temp




Periodic native trim disabled

---------------  S Y S T E M  ---------------

OS:
 Windows 11 , 64 bit Build 26100 (10.0.26100.8115)
OS uptime: 1 days 18:19 hours
Hyper-V role detected

CPU: total 8 (initial active 8) (4 cores per cpu, 2 threads per core) family 6 model 142 stepping 12 microcode 0x100, cx8, cmov, fxsr, ht, mmx, 3dnowpref, sse, sse2, sse3, ssse3, sse4.1, sse4.2, popcnt, lzcnt, tsc, tscinvbit, avx, avx2, aes, erms, clmul, bmi1, bmi2, adx, fma, vzeroupper, clflush, clflushopt, hv, rdtscp, f16c
Processor Information for the first 8 processors :
  Max Mhz: 2112, Current Mhz: 1910, Mhz Limit: 1900

Memory: 4k page, system-wide physical 16190M (7004M free)
TotalPageFile size 16190M (AvailPageFile size 6M)
current process WorkingSet (physical memory assigned to process): 658M, peak: 659M
current process commit charge ("private bytes"): 805M, peak: 812M

vm_info: OpenJDK 64-Bit Server VM (21.0.10+7-LTS) for windows-amd64 JRE (21.0.10+7-LTS), built on 2026-01-20T00:00:00Z by "admin" with MS VC++ 17.12 (VS2022)

END.
